<?xml version="1.0" encoding="UTF-8"?>
<!-- Generated by org.testng.reporters.JUnitReportReporter -->
<testsuite hostname="FVFZM5TLLYWG" name="com.toolsqa.Testlocal" tests="1" failures="0" timestamp="29 Apr 2022 13:38:15 GMT" time="1.466" errors="0">
  <testcase name="postjirs" time="1.466" classname="com.toolsqa.Testlocal"/>
</testsuite> <!-- com.toolsqa.Testlocal -->
