<?xml version="1.0" encoding="UTF-8"?>
<!-- Generated by org.testng.reporters.JUnitReportReporter -->
<testsuite hostname="FVFZM5TLLYWG" name="com.toolsqa.SelectFormTest" tests="6" failures="0" timestamp="1 May 2022 22:58:22 GMT" time="2.622" errors="0">
  <testcase name="verifySelectMenuOpen" time="0.935" classname="com.toolsqa.SelectFormTest"/>
  <testcase name="selectolddropdown" time="0.285" classname="com.toolsqa.SelectFormTest"/>
  <testcase name="multipleselectolddrop" time="0.511" classname="com.toolsqa.SelectFormTest"/>
  <testcase name="multipleselectolddrop" time="0.286" classname="com.toolsqa.SelectFormTest"/>
  <testcase name="selectolddropdown" time="0.311" classname="com.toolsqa.SelectFormTest"/>
  <testcase name="selectolddropdown" time="0.294" classname="com.toolsqa.SelectFormTest"/>
</testsuite> <!-- com.toolsqa.SelectFormTest -->
