<?xml version="1.0" encoding="UTF-8"?>
<!-- Generated by org.testng.reporters.JUnitReportReporter -->
<testsuite hostname="FVFZM5TLLYWG" name="com.toolsqa.SelectFormTest" tests="3" failures="0" timestamp="1 May 2022 01:07:10 GMT" time="1.498" errors="0">
  <testcase name="selectolddropdown" time="0.321" classname="com.toolsqa.SelectFormTest"/>
  <testcase name="multipleselectolddrop" time="0.588" classname="com.toolsqa.SelectFormTest"/>
  <testcase name="verifySelectMenuOpen" time="0.589" classname="com.toolsqa.SelectFormTest"/>
</testsuite> <!-- com.toolsqa.SelectFormTest -->
