<?xml version="1.0" encoding="UTF-8"?>
<!-- Generated by org.testng.reporters.JUnitReportReporter -->
<testsuite hostname="FVFZM5TLLYWG" name="com.toolsqa.SelectTextTest" tests="5" failures="0" timestamp="1 May 2022 01:07:10 GMT" time="14.034" errors="0">
  <testcase name="simpledragdrop" time="3.105" classname="com.toolsqa.SelectTextTest"/>
  <testcase name="SelectLinks" time="3.164" classname="com.toolsqa.SelectTextTest"/>
  <testcase name="VerifyDroppable" time="2.426" classname="com.toolsqa.SelectTextTest"/>
  <testcase name="AcceptNotAcceptdragdrop" time="3.635" classname="com.toolsqa.SelectTextTest"/>
  <testcase name="verifySelectPageOpen" time="1.704" classname="com.toolsqa.SelectTextTest"/>
</testsuite> <!-- com.toolsqa.SelectTextTest -->
