<?xml version="1.0" encoding="UTF-8"?>
<!-- Generated by org.testng.reporters.JUnitReportReporter -->
<testsuite hostname="FVFZM5TLLYWG" name="com.toolsqa.SelectTextTest" tests="5" failures="0" timestamp="1 May 2022 22:58:22 GMT" time="13.719" errors="0">
  <testcase name="VerifyDroppable" time="1.777" classname="com.toolsqa.SelectTextTest"/>
  <testcase name="SelectLinks" time="2.737" classname="com.toolsqa.SelectTextTest"/>
  <testcase name="AcceptNotAcceptdragdrop" time="3.789" classname="com.toolsqa.SelectTextTest"/>
  <testcase name="verifySelectPageOpen" time="2.308" classname="com.toolsqa.SelectTextTest"/>
  <testcase name="simpledragdrop" time="3.108" classname="com.toolsqa.SelectTextTest"/>
</testsuite> <!-- com.toolsqa.SelectTextTest -->
