<?xml version="1.0" encoding="UTF-8"?>
<!-- Generated by org.testng.reporters.JUnitReportReporter -->
<testsuite hostname="FVFZM5TLLYWG" name="com.toolsqa.Testlocal" tests="3" failures="0" timestamp="30 Apr 2022 00:26:26 GMT" time="20.003" errors="0">
  <testcase name="selectMenu" time="3.247" classname="com.toolsqa.Testlocal"/>
  <testcase name="draggable" time="13.510" classname="com.toolsqa.Testlocal"/>
  <testcase name="selecttext" time="3.246" classname="com.toolsqa.Testlocal"/>
</testsuite> <!-- com.toolsqa.Testlocal -->
